<?xml version="1.0" encoding="UTF-8"?>
<!-- Generated by org.testng.reporters.JUnitXMLReporter -->
<testsuite hostname="NB0897" ignored="0" name="Default test" tests="5" failures="0" timestamp="2020-12-04T14:41:32 IST" time="7.187" errors="0">
  <testcase name="inspectAndPack" time="0.691" classname="copperwire.io.tnt.menu.VerifyFullFillMenu"/>
  <testcase name="verifyRfq" time="0.633" classname="copperwire.io.tnt.menu.VerifyFullFillMenu"/>
  <testcase name="verifyPickupAndShip" time="0.567" classname="copperwire.io.tnt.menu.VerifyFullFillMenu"/>
  <testcase name="verifyInvoices" time="0.57" classname="copperwire.io.tnt.menu.VerifyFullFillMenu"/>
  <testcase name="verifyDeliverAccept" time="1.006" classname="copperwire.io.tnt.menu.VerifyFullFillMenu"/>
</testsuite> <!-- Default test -->
