<?xml version="1.0" encoding="UTF-8"?>
<!-- Generated by org.testng.reporters.JUnitXMLReporter -->
<testsuite hostname="NB0897" ignored="0" name="Default test" tests="8" failures="0" timestamp="2020-11-20T13:45:49 IST" time="11.069" errors="0">
  <testcase name="fetchOrderById" time="1.892" classname="copperwire.io.tnt.orders.GetOrderByIdTest"/>
  <testcase name="fetchProductDetailsById" time="0.57" classname="copperwire.io.tnt.orders.GetOrderByIdTest"/>
  <testcase name="verifyInspectAndPack" time="0.893" classname="copperwire.io.tnt.orders.GetOrderByIdTest"/>
  <testcase name="verifyRfq" time="0.58" classname="copperwire.io.tnt.orders.GetOrderByIdTest"/>
  <testcase name="verifyBook" time="0.576" classname="copperwire.io.tnt.orders.GetOrderByIdTest"/>
  <testcase name="verifyPickupAndShip" time="0.582" classname="copperwire.io.tnt.orders.GetOrderByIdTest"/>
  <testcase name="verifyInvoice" time="0.609" classname="copperwire.io.tnt.orders.GetOrderByIdTest"/>
  <testcase name="verifyCustomerAcceptance" time="0.637" classname="copperwire.io.tnt.orders.GetOrderByIdTest"/>
</testsuite> <!-- Default test -->
