<?xml version="1.0" encoding="UTF-8"?>
<!-- Generated by org.testng.reporters.JUnitXMLReporter -->
<testsuite hostname="NB0897" ignored="0" name="SanityTest" tests="13" failures="0" timestamp="2020-12-01T22:07:30 IST" time="32.422" errors="0">
  <testcase name="createNewSalesOrder" time="1.293" classname="copperwire.io.tnt.orders.CreateSalesOrderAndVerifyOrdersTest"/>
  <testcase name="createPallets" time="2.196" classname="copperwire.io.tnt.orders.CreateSalesOrderAndVerifyOrdersTest"/>
  <testcase name="createRfq" time="3.054" classname="copperwire.io.tnt.orders.CreateSalesOrderAndVerifyOrdersTest"/>
  <testcase name="getOrderDetails" time="0.72" classname="copperwire.io.tnt.orders.CreateSalesOrderAndVerifyOrdersTest"/>
  <testcase name="getRfqDetails" time="1.641" classname="copperwire.io.tnt.orders.CreateSalesOrderAndVerifyOrdersTest"/>
  <testcase name="bookRfq" time="2.798" classname="copperwire.io.tnt.orders.CreateSalesOrderAndVerifyOrdersTest"/>
  <testcase name="getOrderDetailsForQuotation" time="0.638" classname="copperwire.io.tnt.orders.CreateSalesOrderAndVerifyOrdersTest"/>
  <testcase name="pickUpAndShip" time="3.998" classname="copperwire.io.tnt.orders.CreateSalesOrderAndVerifyOrdersTest"/>
  <testcase name="doCustomerFeedback" time="6.431" classname="copperwire.io.tnt.orders.CreateSalesOrderAndVerifyOrdersTest"/>
  <testcase name="getOrderDetailsForPickupShipDetails" time="0.869" classname="copperwire.io.tnt.orders.CreateSalesOrderAndVerifyOrdersTest"/>
  <testcase name="invoce" time="3.931" classname="copperwire.io.tnt.orders.CreateSalesOrderAndVerifyOrdersTest"/>
  <testcase name="fetchOrderById" time="0.58" classname="copperwire.io.tnt.orders.CreateSalesOrderAndVerifyOrdersTest"/>
  <testcase name="fetchProductDetailsById" time="0.562" classname="copperwire.io.tnt.orders.CreateSalesOrderAndVerifyOrdersTest"/>
</testsuite> <!-- SanityTest -->
