<?xml version="1.0" encoding="UTF-8"?>
<!-- Generated by org.testng.reporters.JUnitXMLReporter -->
<testsuite ignored="18" hostname="LAPTOP-5DGM1V01" failures="0" tests="3" name="SanityTest" time="10.631" errors="0" timestamp="2021-04-11T17:35:26 IST">
  <testcase classname="copperwire.io.tnt.orders.CreateSalesOrderAndVerifyOrdersTest" name="createNewSalesOrder" time="1.05"/>
  <testcase classname="copperwire.io.tnt.orders.CreateSalesOrderAndVerifyOrdersTest" name="createPallets" time="1.56"/>
  <testcase classname="copperwire.io.tnt.orders.CreateSalesOrderAndVerifyOrdersTest" name="savepalletinBlockchain" time="5.916"/>
  <testcase classname="copperwire.io.tnt.orders.CreateSalesOrderAndVerifyOrdersTest" name="verifyCustomerAcceptance" time="0.0">
    <ignored/>
  </testcase> <!-- verifyCustomerAcceptance -->
  <testcase classname="copperwire.io.tnt.orders.CreateSalesOrderAndVerifyOrdersTest" name="verifyPickupAndShip" time="0.0">
    <ignored/>
  </testcase> <!-- verifyPickupAndShip -->
  <testcase classname="copperwire.io.tnt.orders.CreateSalesOrderAndVerifyOrdersTest" name="getOrderDetailsForPickupShipDetails" time="0.0">
    <ignored/>
  </testcase> <!-- getOrderDetailsForPickupShipDetails -->
  <testcase classname="copperwire.io.tnt.orders.CreateSalesOrderAndVerifyOrdersTest" name="getRfqDetails" time="0.0">
    <ignored/>
  </testcase> <!-- getRfqDetails -->
  <testcase classname="copperwire.io.tnt.orders.CreateSalesOrderAndVerifyOrdersTest" name="pickUpAndShip" time="0.0">
    <ignored/>
  </testcase> <!-- pickUpAndShip -->
  <testcase classname="copperwire.io.tnt.orders.CreateSalesOrderAndVerifyOrdersTest" name="getOrderDetails" time="0.0">
    <ignored/>
  </testcase> <!-- getOrderDetails -->
  <testcase classname="copperwire.io.tnt.orders.CreateSalesOrderAndVerifyOrdersTest" name="invoce" time="0.0">
    <ignored/>
  </testcase> <!-- invoce -->
  <testcase classname="copperwire.io.tnt.orders.CreateSalesOrderAndVerifyOrdersTest" name="fetchProductDetailsById" time="0.0">
    <ignored/>
  </testcase> <!-- fetchProductDetailsById -->
  <testcase classname="copperwire.io.tnt.orders.CreateSalesOrderAndVerifyOrdersTest" name="doCustomerFeedback" time="0.0">
    <ignored/>
  </testcase> <!-- doCustomerFeedback -->
  <testcase classname="copperwire.io.tnt.orders.CreateSalesOrderAndVerifyOrdersTest" name="verifyInspectAndPack" time="0.0">
    <ignored/>
  </testcase> <!-- verifyInspectAndPack -->
  <testcase classname="copperwire.io.tnt.orders.CreateSalesOrderAndVerifyOrdersTest" name="fetchOrderById" time="0.0">
    <ignored/>
  </testcase> <!-- fetchOrderById -->
  <testcase classname="copperwire.io.tnt.orders.CreateSalesOrderAndVerifyOrdersTest" name="bookRfq" time="0.0">
    <ignored/>
  </testcase> <!-- bookRfq -->
  <testcase classname="copperwire.io.tnt.orders.CreateSalesOrderAndVerifyOrdersTest" name="verifyRfq" time="0.0">
    <ignored/>
  </testcase> <!-- verifyRfq -->
  <testcase classname="copperwire.io.tnt.orders.CreateSalesOrderAndVerifyOrdersTest" name="createRfq" time="0.0">
    <ignored/>
  </testcase> <!-- createRfq -->
  <testcase classname="copperwire.io.tnt.orders.CreateSalesOrderAndVerifyOrdersTest" name="inspect_Pack_Validate" time="0.0">
    <ignored/>
  </testcase> <!-- inspect_Pack_Validate -->
  <testcase classname="copperwire.io.tnt.orders.CreateSalesOrderAndVerifyOrdersTest" name="getOrderDetailsForQuotation" time="0.0">
    <ignored/>
  </testcase> <!-- getOrderDetailsForQuotation -->
  <testcase classname="copperwire.io.tnt.orders.CreateSalesOrderAndVerifyOrdersTest" name="verifyBook" time="0.0">
    <ignored/>
  </testcase> <!-- verifyBook -->
  <testcase classname="copperwire.io.tnt.orders.CreateSalesOrderAndVerifyOrdersTest" name="verifyInvoice" time="0.0">
    <ignored/>
  </testcase> <!-- verifyInvoice -->
</testsuite> <!-- SanityTest -->
