<?xml version="1.0" encoding="UTF-8"?>
<!-- Generated by org.testng.reporters.JUnitXMLReporter -->
<testsuite hostname="NB0897" ignored="0" name="Test" tests="19" failures="0" timestamp="2020-11-21T17:50:56 IST" time="39.516" errors="0">
  <testcase name="createNewSalesOrder" time="1.43" classname="copperwire.io.tnt.orders.CreateSalesOrderAndVerifyOrdersTest"/>
  <testcase name="createPallets" time="3.276" classname="copperwire.io.tnt.orders.CreateSalesOrderAndVerifyOrdersTest"/>
  <testcase name="createRfq" time="3.732" classname="copperwire.io.tnt.orders.CreateSalesOrderAndVerifyOrdersTest"/>
  <testcase name="getOrderDetails" time="0.865" classname="copperwire.io.tnt.orders.CreateSalesOrderAndVerifyOrdersTest"/>
  <testcase name="getRfqDetails" time="0.591" classname="copperwire.io.tnt.orders.CreateSalesOrderAndVerifyOrdersTest"/>
  <testcase name="bookRfq" time="2.95" classname="copperwire.io.tnt.orders.CreateSalesOrderAndVerifyOrdersTest"/>
  <testcase name="getOrderDetailsForQuotation" time="0.721" classname="copperwire.io.tnt.orders.CreateSalesOrderAndVerifyOrdersTest"/>
  <testcase name="pickUpAndShip" time="6.141" classname="copperwire.io.tnt.orders.CreateSalesOrderAndVerifyOrdersTest"/>
  <testcase name="doCustomerFeedback" time="5.301" classname="copperwire.io.tnt.orders.CreateSalesOrderAndVerifyOrdersTest"/>
  <testcase name="getOrderDetailsForPickupShipDetails" time="0.666" classname="copperwire.io.tnt.orders.CreateSalesOrderAndVerifyOrdersTest"/>
  <testcase name="fetchOrderById" time="0.645" classname="copperwire.io.tnt.orders.CreateSalesOrderAndVerifyOrdersTest"/>
  <testcase name="invoce" time="4.216" classname="copperwire.io.tnt.orders.CreateSalesOrderAndVerifyOrdersTest"/>
  <testcase name="fetchProductDetailsById" time="1.616" classname="copperwire.io.tnt.orders.CreateSalesOrderAndVerifyOrdersTest"/>
  <testcase name="verifyInspectAndPack" time="0.636" classname="copperwire.io.tnt.orders.CreateSalesOrderAndVerifyOrdersTest"/>
  <testcase name="verifyRfq" time="0.625" classname="copperwire.io.tnt.orders.CreateSalesOrderAndVerifyOrdersTest"/>
  <testcase name="verifyBook" time="0.531" classname="copperwire.io.tnt.orders.CreateSalesOrderAndVerifyOrdersTest"/>
  <testcase name="verifyPickupAndShip" time="0.64" classname="copperwire.io.tnt.orders.CreateSalesOrderAndVerifyOrdersTest"/>
  <testcase name="verifyInvoice" time="0.651" classname="copperwire.io.tnt.orders.CreateSalesOrderAndVerifyOrdersTest"/>
  <testcase name="verifyCustomerAcceptance" time="0.565" classname="copperwire.io.tnt.orders.CreateSalesOrderAndVerifyOrdersTest"/>
</testsuite> <!-- Test -->
