<?xml version="1.0" encoding="UTF-8"?>
<!-- Generated by org.testng.reporters.JUnitXMLReporter -->
<testsuite hostname="NB0897" ignored="0" name="Test" tests="8" failures="0" timestamp="2020-11-20T17:16:29 IST" time="13.975" errors="0">
  <testcase name="fetchOrderById" time="1.806" classname="copperwire.io.tnt.orders.GetOrderByIdTest"/>
  <testcase name="fetchProductDetailsById" time="0.581" classname="copperwire.io.tnt.orders.GetOrderByIdTest"/>
  <testcase name="verifyInspectAndPack" time="0.69" classname="copperwire.io.tnt.orders.GetOrderByIdTest"/>
  <testcase name="verifyRfq" time="0.666" classname="copperwire.io.tnt.orders.GetOrderByIdTest"/>
  <testcase name="verifyBook" time="1.605" classname="copperwire.io.tnt.orders.GetOrderByIdTest"/>
  <testcase name="verifyPickupAndShip" time="0.551" classname="copperwire.io.tnt.orders.GetOrderByIdTest"/>
  <testcase name="verifyInvoice" time="0.575" classname="copperwire.io.tnt.orders.GetOrderByIdTest"/>
  <testcase name="verifyCustomerAcceptance" time="0.595" classname="copperwire.io.tnt.orders.GetOrderByIdTest"/>
</testsuite> <!-- Test -->
