<?xml version="1.0" encoding="UTF-8"?>
<!-- Generated by org.testng.reporters.JUnitXMLReporter -->
<testsuite hostname="NB0897" ignored="0" name="SanityTest-FetchOrderDetailsById" tests="2" failures="0" timestamp="2020-12-01T22:05:39 IST" time="7.227" errors="0">
  <testcase name="fetchOrderById" time="1.955" classname="copperwire.io.tnt.orders.GetOrderByIdTest"/>
  <testcase name="fetchProductDetailsById" time="0.647" classname="copperwire.io.tnt.orders.GetOrderByIdTest"/>
</testsuite> <!-- SanityTest-FetchOrderDetailsById -->
