<?xml version="1.0" encoding="UTF-8"?>
<!-- Generated by org.testng.reporters.JUnitXMLReporter -->
<testsuite hostname="NB0897" ignored="0" name="SanityTest-FetchOrderDetailsById" tests="5" failures="0" timestamp="2020-12-04T14:59:02 IST" time="8.888" errors="0">
  <testcase name="inspectA_Pack" time="0.69" classname="copperwire.io.tnt.menu.FullFillMenuValidation"/>
  <testcase name="verifyRfq_Book" time="0.55" classname="copperwire.io.tnt.menu.FullFillMenuValidation"/>
  <testcase name="verifyPickup_Ship" time="0.609" classname="copperwire.io.tnt.menu.FullFillMenuValidation"/>
  <testcase name="verifyInvoices" time="0.509" classname="copperwire.io.tnt.menu.FullFillMenuValidation"/>
  <testcase name="verifyDeliver_Accept" time="0.859" classname="copperwire.io.tnt.menu.FullFillMenuValidation"/>
</testsuite> <!-- SanityTest-FetchOrderDetailsById -->
