<?xml version="1.0" encoding="UTF-8"?>
<!-- Generated by org.testng.reporters.JUnitXMLReporter -->
<testsuite hostname="NB0897" ignored="0" name="Test" tests="5" failures="0" timestamp="2020-11-25T16:05:48 IST" time="7.854" errors="0">
  <testcase name="fetchOrderById" time="2.682" classname="copperwire.io.tnt.orders.GetOrderByIdTest"/>
  <testcase name="fetchProductDetailsById" time="0.572" classname="copperwire.io.tnt.orders.GetOrderByIdTest"/>
  <testcase name="verifyInspectAndPack" time="0.638" classname="copperwire.io.tnt.orders.GetOrderByIdTest"/>
  <testcase name="verifyRfq" time="0.561" classname="copperwire.io.tnt.orders.GetOrderByIdTest"/>
  <testcase name="verifyBook" time="0.564" classname="copperwire.io.tnt.orders.GetOrderByIdTest"/>
</testsuite> <!-- Test -->
