<?xml version="1.0" encoding="UTF-8"?>
<!-- Generated by org.testng.reporters.JUnitXMLReporter -->
<testsuite hostname="NB0897" ignored="0" name="Test" tests="19" failures="0" timestamp="2020-11-20T13:50:39 IST" time="36.45" errors="0">
  <testcase name="createNewSalesOrder" time="1.421" classname="copperwire.io.tnt.orders.CreateSalesOrderTest"/>
  <testcase name="createPallets" time="2.205" classname="copperwire.io.tnt.orders.CreateSalesOrderTest"/>
  <testcase name="createRfq" time="3.538" classname="copperwire.io.tnt.orders.CreateSalesOrderTest"/>
  <testcase name="getOrderDetails" time="0.81" classname="copperwire.io.tnt.orders.CreateSalesOrderTest"/>
  <testcase name="getRfqDetails" time="0.608" classname="copperwire.io.tnt.orders.CreateSalesOrderTest"/>
  <testcase name="bookRfq" time="2.983" classname="copperwire.io.tnt.orders.CreateSalesOrderTest"/>
  <testcase name="getOrderDetailsForQuotation" time="0.623" classname="copperwire.io.tnt.orders.CreateSalesOrderTest"/>
  <testcase name="pickUpAndShip" time="4.362" classname="copperwire.io.tnt.orders.CreateSalesOrderTest"/>
  <testcase name="doCustomerFeedback" time="4.069" classname="copperwire.io.tnt.orders.CreateSalesOrderTest"/>
  <testcase name="getOrderDetailsForPickupShipDetails" time="0.592" classname="copperwire.io.tnt.orders.CreateSalesOrderTest"/>
  <testcase name="invoce" time="4.827" classname="copperwire.io.tnt.orders.CreateSalesOrderTest"/>
  <testcase name="fetchOrderById" time="0.735" classname="copperwire.io.tnt.orders.GetOrderByIdTest"/>
  <testcase name="fetchProductDetailsById" time="0.55" classname="copperwire.io.tnt.orders.GetOrderByIdTest"/>
  <testcase name="verifyInspectAndPack" time="0.616" classname="copperwire.io.tnt.orders.GetOrderByIdTest"/>
  <testcase name="verifyRfq" time="0.57" classname="copperwire.io.tnt.orders.GetOrderByIdTest"/>
  <testcase name="verifyBook" time="1.596" classname="copperwire.io.tnt.orders.GetOrderByIdTest"/>
  <testcase name="verifyPickupAndShip" time="0.578" classname="copperwire.io.tnt.orders.GetOrderByIdTest"/>
  <testcase name="verifyInvoice" time="0.585" classname="copperwire.io.tnt.orders.GetOrderByIdTest"/>
  <testcase name="verifyCustomerAcceptance" time="0.587" classname="copperwire.io.tnt.orders.GetOrderByIdTest"/>
</testsuite> <!-- Test -->
