<?xml version="1.0" encoding="UTF-8"?>
<testsuite xmlns:xsi="http://www.w3.org/2001/XMLSchema-instance" xsi:noNamespaceSchemaLocation="https://maven.apache.org/surefire/maven-surefire-plugin/xsd/surefire-test-report.xsd" name="TestSuite" time="130.862" tests="42" errors="0" skipped="1" failures="36">
  <properties>
[...]
</properties>
  <testcase name="createNewSalesOrder" classname="copperwire.io.tnt.orders.CreateSalesOrderAndVerifyOrdersTest" time="0.796">
    <failure message="1 expectation failed.&#10;Expected status code &lt;201&gt; but was &lt;403&gt;.&#10;" type="java.lang.AssertionError"><![CDATA[java.lang.AssertionError: 
1 expectation failed.
Expected status code <201> but was <403>.

	at copperwire.io.tnt.orders.CreateSalesOrderAndVerifyOrdersTest.createNewSalesOrder(CreateSalesOrderAndVerifyOrdersTest.java:52)
]]></failure>
    <system-out><![CDATA[Executing Test Class : <CreateSalesOrderTest>
Executing Test Class : <GetAllOrdersTest>
Executing Test Class : <GetOrderByIdTest>
Order id : 229
]]></system-out>
  </testcase>
  <testcase name="createPallets" classname="copperwire.io.tnt.orders.CreateSalesOrderAndVerifyOrdersTest" time="0.051">
    <failure type="java.lang.NullPointerException">java.lang.NullPointerException
	at copperwire.io.tnt.orders.CreateSalesOrderAndVerifyOrdersTest.createPallets(CreateSalesOrderAndVerifyOrdersTest.java:95)
</failure>
  </testcase>
  <testcase name="savepalletinBlockchain" classname="copperwire.io.tnt.orders.CreateSalesOrderAndVerifyOrdersTest" time="4.304">
    <failure message="1 expectation failed.&#10;Expected status code &lt;200&gt; but was &lt;500&gt;.&#10;" type="java.lang.AssertionError"><![CDATA[java.lang.AssertionError: 
1 expectation failed.
Expected status code <200> but was <500>.

	at copperwire.io.tnt.orders.CreateSalesOrderAndVerifyOrdersTest.savepalletinBlockchain(CreateSalesOrderAndVerifyOrdersTest.java:107)
]]></failure>
  </testcase>
  <testcase name="createRfq" classname="copperwire.io.tnt.orders.CreateSalesOrderAndVerifyOrdersTest" time="0.009">
    <failure type="java.lang.NullPointerException">java.lang.NullPointerException
	at copperwire.io.tnt.orders.CreateSalesOrderAndVerifyOrdersTest.createRfq(CreateSalesOrderAndVerifyOrdersTest.java:154)
</failure>
  </testcase>
  <testcase name="getOrderDetails" classname="copperwire.io.tnt.orders.CreateSalesOrderAndVerifyOrdersTest" time="3.708">
    <failure message="1 expectation failed.&#10;Expected status code &lt;200&gt; but was &lt;500&gt;.&#10;" type="java.lang.AssertionError"><![CDATA[java.lang.AssertionError: 
1 expectation failed.
Expected status code <200> but was <500>.

	at copperwire.io.tnt.orders.CreateSalesOrderAndVerifyOrdersTest.getOrderDetails(CreateSalesOrderAndVerifyOrdersTest.java:163)
]]></failure>
  </testcase>
  <testcase name="getRfqDetails" classname="copperwire.io.tnt.orders.CreateSalesOrderAndVerifyOrdersTest" time="0.717">
    <failure message="1 expectation failed.&#10;Expected status code &lt;200&gt; but was &lt;500&gt;.&#10;" type="java.lang.AssertionError"><![CDATA[java.lang.AssertionError: 
1 expectation failed.
Expected status code <200> but was <500>.

	at copperwire.io.tnt.orders.CreateSalesOrderAndVerifyOrdersTest.getRfqDetails(CreateSalesOrderAndVerifyOrdersTest.java:178)
]]></failure>
  </testcase>
  <testcase name="bookRfq" classname="copperwire.io.tnt.orders.CreateSalesOrderAndVerifyOrdersTest" time="0.699">
    <failure message="1 expectation failed.&#10;Expected status code &lt;201&gt; but was &lt;403&gt;.&#10;" type="java.lang.AssertionError"><![CDATA[java.lang.AssertionError: 
1 expectation failed.
Expected status code <201> but was <403>.

	at copperwire.io.tnt.orders.CreateSalesOrderAndVerifyOrdersTest.bookRfq(CreateSalesOrderAndVerifyOrdersTest.java:206)
]]></failure>
  </testcase>
  <testcase name="getOrderDetailsForQuotation" classname="copperwire.io.tnt.orders.CreateSalesOrderAndVerifyOrdersTest" time="3.455">
    <failure message="1 expectation failed.&#10;Expected status code &lt;200&gt; but was &lt;500&gt;.&#10;" type="java.lang.AssertionError"><![CDATA[java.lang.AssertionError: 
1 expectation failed.
Expected status code <200> but was <500>.

	at copperwire.io.tnt.orders.CreateSalesOrderAndVerifyOrdersTest.getOrderDetailsForQuotation(CreateSalesOrderAndVerifyOrdersTest.java:219)
]]></failure>
  </testcase>
  <testcase name="pickUpAndShip" classname="copperwire.io.tnt.orders.CreateSalesOrderAndVerifyOrdersTest" time="0.009">
    <failure type="java.lang.NullPointerException">java.lang.NullPointerException
	at copperwire.io.tnt.orders.CreateSalesOrderAndVerifyOrdersTest.pickUpAndShip(CreateSalesOrderAndVerifyOrdersTest.java:246)
</failure>
  </testcase>
  <testcase name="doCustomerFeedback" classname="copperwire.io.tnt.orders.CreateSalesOrderAndVerifyOrdersTest" time="0.007">
    <failure type="java.lang.NullPointerException">java.lang.NullPointerException
	at copperwire.io.tnt.orders.CreateSalesOrderAndVerifyOrdersTest.doCustomerFeedback(CreateSalesOrderAndVerifyOrdersTest.java:270)
</failure>
  </testcase>
  <testcase name="getOrderDetailsForPickupShipDetails" classname="copperwire.io.tnt.orders.CreateSalesOrderAndVerifyOrdersTest" time="3.625">
    <failure message="1 expectation failed.&#10;Expected status code &lt;200&gt; but was &lt;500&gt;.&#10;" type="java.lang.AssertionError"><![CDATA[java.lang.AssertionError: 
1 expectation failed.
Expected status code <200> but was <500>.

	at copperwire.io.tnt.orders.CreateSalesOrderAndVerifyOrdersTest.getOrderDetailsForPickupShipDetails(CreateSalesOrderAndVerifyOrdersTest.java:280)
]]></failure>
  </testcase>
  <testcase name="invoce" classname="copperwire.io.tnt.orders.CreateSalesOrderAndVerifyOrdersTest" time="0.026">
    <failure type="java.lang.NullPointerException">java.lang.NullPointerException
	at copperwire.io.tnt.orders.CreateSalesOrderAndVerifyOrdersTest.invoce(CreateSalesOrderAndVerifyOrdersTest.java:313)
</failure>
  </testcase>
  <testcase name="fetchOrderById" classname="copperwire.io.tnt.orders.CreateSalesOrderAndVerifyOrdersTest" time="3.814">
    <failure message="1 expectation failed.&#10;Expected status code &lt;200&gt; but was &lt;500&gt;.&#10;" type="java.lang.AssertionError"><![CDATA[java.lang.AssertionError: 
1 expectation failed.
Expected status code <200> but was <500>.

	at copperwire.io.tnt.orders.CreateSalesOrderAndVerifyOrdersTest.fetchOrderById(CreateSalesOrderAndVerifyOrdersTest.java:328)
]]></failure>
  </testcase>
  <testcase name="fetchProductDetailsById" classname="copperwire.io.tnt.orders.CreateSalesOrderAndVerifyOrdersTest" time="0.963"/>
  <testcase name="verifyInspectAndPack" classname="copperwire.io.tnt.orders.CreateSalesOrderAndVerifyOrdersTest" time="0.752"/>
  <testcase name="inspect_Pack_Validate" classname="copperwire.io.tnt.orders.CreateSalesOrderAndVerifyOrdersTest" time="33.87">
    <failure message="1 expectation failed.&#10;Expected status code &lt;200&gt; but was &lt;500&gt;.&#10;" type="java.lang.AssertionError"><![CDATA[java.lang.AssertionError: 
1 expectation failed.
Expected status code <200> but was <500>.

	at copperwire.io.tnt.orders.CreateSalesOrderAndVerifyOrdersTest.inspect_Pack_Validate(CreateSalesOrderAndVerifyOrdersTest.java:373)
]]></failure>
  </testcase>
  <testcase name="verifyRfq" classname="copperwire.io.tnt.orders.CreateSalesOrderAndVerifyOrdersTest" time="3.679">
    <failure message="1 expectation failed.&#10;Expected status code &lt;200&gt; but was &lt;500&gt;.&#10;" type="java.lang.AssertionError"><![CDATA[java.lang.AssertionError: 
1 expectation failed.
Expected status code <200> but was <500>.

	at copperwire.io.tnt.orders.CreateSalesOrderAndVerifyOrdersTest.verifyRfq(CreateSalesOrderAndVerifyOrdersTest.java:394)
]]></failure>
  </testcase>
  <testcase name="verifyBook" classname="copperwire.io.tnt.orders.CreateSalesOrderAndVerifyOrdersTest" time="4.368">
    <failure message="1 expectation failed.&#10;Expected status code &lt;200&gt; but was &lt;500&gt;.&#10;" type="java.lang.AssertionError"><![CDATA[java.lang.AssertionError: 
1 expectation failed.
Expected status code <200> but was <500>.

	at copperwire.io.tnt.orders.CreateSalesOrderAndVerifyOrdersTest.verifyBook(CreateSalesOrderAndVerifyOrdersTest.java:414)
]]></failure>
  </testcase>
  <testcase name="verifyPickupAndShip" classname="copperwire.io.tnt.orders.CreateSalesOrderAndVerifyOrdersTest" time="5.155">
    <failure message="1 expectation failed.&#10;Expected status code &lt;200&gt; but was &lt;500&gt;.&#10;" type="java.lang.AssertionError"><![CDATA[java.lang.AssertionError: 
1 expectation failed.
Expected status code <200> but was <500>.

	at copperwire.io.tnt.orders.CreateSalesOrderAndVerifyOrdersTest.verifyPickupAndShip(CreateSalesOrderAndVerifyOrdersTest.java:431)
]]></failure>
  </testcase>
  <testcase name="verifyInvoice" classname="copperwire.io.tnt.orders.CreateSalesOrderAndVerifyOrdersTest" time="3.819">
    <failure message="1 expectation failed.&#10;Expected status code &lt;200&gt; but was &lt;500&gt;.&#10;" type="java.lang.AssertionError"><![CDATA[java.lang.AssertionError: 
1 expectation failed.
Expected status code <200> but was <500>.

	at copperwire.io.tnt.orders.CreateSalesOrderAndVerifyOrdersTest.verifyInvoice(CreateSalesOrderAndVerifyOrdersTest.java:448)
]]></failure>
  </testcase>
  <testcase name="verifyCustomerAcceptance" classname="copperwire.io.tnt.orders.CreateSalesOrderAndVerifyOrdersTest" time="4.395">
    <failure message="1 expectation failed.&#10;Expected status code &lt;200&gt; but was &lt;500&gt;.&#10;" type="java.lang.AssertionError"><![CDATA[java.lang.AssertionError: 
1 expectation failed.
Expected status code <200> but was <500>.

	at copperwire.io.tnt.orders.CreateSalesOrderAndVerifyOrdersTest.verifyCustomerAcceptance(CreateSalesOrderAndVerifyOrdersTest.java:465)
]]></failure>
  </testcase>
  <testcase name="createNewSalesOrder" classname="copperwire.io.tnt.orders.CreateSalesOrderTest" time="0.902">
    <failure message="1 expectation failed.&#10;Expected status code &lt;201&gt; but was &lt;403&gt;.&#10;" type="java.lang.AssertionError"><![CDATA[java.lang.AssertionError: 
1 expectation failed.
Expected status code <201> but was <403>.

	at copperwire.io.tnt.orders.CreateSalesOrderTest.createNewSalesOrder(CreateSalesOrderTest.java:42)
]]></failure>
  </testcase>
  <testcase name="createPallets" classname="copperwire.io.tnt.orders.CreateSalesOrderTest" time="0.012">
    <failure type="java.lang.NullPointerException">java.lang.NullPointerException
	at copperwire.io.tnt.orders.CreateSalesOrderTest.createPallets(CreateSalesOrderTest.java:82)
</failure>
  </testcase>
  <testcase name="createRfq" classname="copperwire.io.tnt.orders.CreateSalesOrderTest" time="0.011">
    <failure type="java.lang.NullPointerException">java.lang.NullPointerException
	at copperwire.io.tnt.orders.CreateSalesOrderTest.createRfq(CreateSalesOrderTest.java:124)
</failure>
  </testcase>
  <testcase name="getOrderDetails" classname="copperwire.io.tnt.orders.CreateSalesOrderTest" time="5.008">
    <failure message="1 expectation failed.&#10;Expected status code &lt;200&gt; but was &lt;500&gt;.&#10;" type="java.lang.AssertionError"><![CDATA[java.lang.AssertionError: 
1 expectation failed.
Expected status code <200> but was <500>.

	at copperwire.io.tnt.orders.CreateSalesOrderTest.getOrderDetails(CreateSalesOrderTest.java:133)
]]></failure>
  </testcase>
  <testcase name="getRfqDetails" classname="copperwire.io.tnt.orders.CreateSalesOrderTest" time="0.921">
    <failure message="1 expectation failed.&#10;Expected status code &lt;200&gt; but was &lt;500&gt;.&#10;" type="java.lang.AssertionError"><![CDATA[java.lang.AssertionError: 
1 expectation failed.
Expected status code <200> but was <500>.

	at copperwire.io.tnt.orders.CreateSalesOrderTest.getRfqDetails(CreateSalesOrderTest.java:148)
]]></failure>
  </testcase>
  <testcase name="bookRfq" classname="copperwire.io.tnt.orders.CreateSalesOrderTest" time="0.803">
    <failure message="1 expectation failed.&#10;Expected status code &lt;201&gt; but was &lt;403&gt;.&#10;" type="java.lang.AssertionError"><![CDATA[java.lang.AssertionError: 
1 expectation failed.
Expected status code <201> but was <403>.

	at copperwire.io.tnt.orders.CreateSalesOrderTest.bookRfq(CreateSalesOrderTest.java:176)
]]></failure>
  </testcase>
  <testcase name="getOrderDetailsForQuotation" classname="copperwire.io.tnt.orders.CreateSalesOrderTest" time="4.435">
    <failure message="1 expectation failed.&#10;Expected status code &lt;200&gt; but was &lt;500&gt;.&#10;" type="java.lang.AssertionError"><![CDATA[java.lang.AssertionError: 
1 expectation failed.
Expected status code <200> but was <500>.

	at copperwire.io.tnt.orders.CreateSalesOrderTest.getOrderDetailsForQuotation(CreateSalesOrderTest.java:189)
]]></failure>
  </testcase>
  <testcase name="pickUpAndShip" classname="copperwire.io.tnt.orders.CreateSalesOrderTest" time="0.007">
    <failure type="java.lang.NullPointerException">java.lang.NullPointerException
	at copperwire.io.tnt.orders.CreateSalesOrderTest.pickUpAndShip(CreateSalesOrderTest.java:216)
</failure>
  </testcase>
  <testcase name="doCustomerFeedback" classname="copperwire.io.tnt.orders.CreateSalesOrderTest" time="0.007">
    <failure type="java.lang.NullPointerException">java.lang.NullPointerException
	at copperwire.io.tnt.orders.CreateSalesOrderTest.doCustomerFeedback(CreateSalesOrderTest.java:240)
</failure>
  </testcase>
  <testcase name="getOrderDetailsForPickupShipDetails" classname="copperwire.io.tnt.orders.CreateSalesOrderTest" time="4.179">
    <failure message="1 expectation failed.&#10;Expected status code &lt;200&gt; but was &lt;500&gt;.&#10;" type="java.lang.AssertionError"><![CDATA[java.lang.AssertionError: 
1 expectation failed.
Expected status code <200> but was <500>.

	at copperwire.io.tnt.orders.CreateSalesOrderTest.getOrderDetailsForPickupShipDetails(CreateSalesOrderTest.java:250)
]]></failure>
  </testcase>
  <testcase name="invoce" classname="copperwire.io.tnt.orders.CreateSalesOrderTest" time="0.006">
    <failure type="java.lang.NullPointerException">java.lang.NullPointerException
	at copperwire.io.tnt.orders.CreateSalesOrderTest.invoce(CreateSalesOrderTest.java:283)
</failure>
  </testcase>
  <testcase name="fetchAllOrders" classname="copperwire.io.tnt.orders.GetAllOrdersTest" time="2.307"/>
  <testcase name="fetchOrderById" classname="copperwire.io.tnt.orders.GetOrderByIdTest" time="4.29">
    <failure message="1 expectation failed.&#10;Expected status code &lt;200&gt; but was &lt;500&gt;.&#10;" type="java.lang.AssertionError"><![CDATA[java.lang.AssertionError: 
1 expectation failed.
Expected status code <200> but was <500>.

	at copperwire.io.tnt.orders.GetOrderByIdTest.fetchOrderById(GetOrderByIdTest.java:64)
]]></failure>
  </testcase>
  <testcase name="fetchProductDetailsById" classname="copperwire.io.tnt.orders.GetOrderByIdTest" time="0">
    <skipped message="Method GetOrderByIdTest.fetchProductDetailsById()[pri:1, instance:copperwire.io.tnt.orders.GetOrderByIdTest@4f51b3e0] depends on not successfully finished methods"/>
  </testcase>
  <testcase name="verifyInspectAndPack" classname="copperwire.io.tnt.orders.GetOrderByIdTest" time="0.692"/>
  <testcase name="verifyRfq" classname="copperwire.io.tnt.orders.GetOrderByIdTest" time="3.296">
    <failure message="1 expectation failed.&#10;Expected status code &lt;200&gt; but was &lt;500&gt;.&#10;" type="java.lang.AssertionError"><![CDATA[java.lang.AssertionError: 
1 expectation failed.
Expected status code <200> but was <500>.

	at copperwire.io.tnt.orders.GetOrderByIdTest.verifyRfq(GetOrderByIdTest.java:106)
]]></failure>
  </testcase>
  <testcase name="verifyBook" classname="copperwire.io.tnt.orders.GetOrderByIdTest" time="4.299">
    <failure message="1 expectation failed.&#10;Expected status code &lt;200&gt; but was &lt;500&gt;.&#10;" type="java.lang.AssertionError"><![CDATA[java.lang.AssertionError: 
1 expectation failed.
Expected status code <200> but was <500>.

	at copperwire.io.tnt.orders.GetOrderByIdTest.verifyBook(GetOrderByIdTest.java:124)
]]></failure>
  </testcase>
  <testcase name="verifyPickupAndShip" classname="copperwire.io.tnt.orders.GetOrderByIdTest" time="3.786">
    <failure message="1 expectation failed.&#10;Expected status code &lt;200&gt; but was &lt;500&gt;.&#10;" type="java.lang.AssertionError"><![CDATA[java.lang.AssertionError: 
1 expectation failed.
Expected status code <200> but was <500>.

	at copperwire.io.tnt.orders.GetOrderByIdTest.verifyPickupAndShip(GetOrderByIdTest.java:141)
]]></failure>
  </testcase>
  <testcase name="verifyCustomerAcceptance" classname="copperwire.io.tnt.orders.GetOrderByIdTest" time="4.758">
    <failure message="1 expectation failed.&#10;Expected status code &lt;200&gt; but was &lt;500&gt;.&#10;" type="java.lang.AssertionError"><![CDATA[java.lang.AssertionError: 
1 expectation failed.
Expected status code <200> but was <500>.

	at copperwire.io.tnt.orders.GetOrderByIdTest.verifyCustomerAcceptance(GetOrderByIdTest.java:158)
]]></failure>
  </testcase>
  <testcase name="verifyInvoice" classname="copperwire.io.tnt.orders.GetOrderByIdTest" time="4.94">
    <failure message="1 expectation failed.&#10;Expected status code &lt;200&gt; but was &lt;500&gt;.&#10;" type="java.lang.AssertionError"><![CDATA[java.lang.AssertionError: 
1 expectation failed.
Expected status code <200> but was <500>.

	at copperwire.io.tnt.orders.GetOrderByIdTest.verifyInvoice(GetOrderByIdTest.java:175)
]]></failure>
  </testcase>
  <testcase name="doLogIn" classname="copperwire.io.tnt.orders.LogInTest" time="0.872"/>
</testsuite>