<?xml version="1.0" encoding="UTF-8"?>
<testsuite xmlns:xsi="http://www.w3.org/2001/XMLSchema-instance" xsi:noNamespaceSchemaLocation="https://maven.apache.org/surefire/maven-surefire-plugin/xsd/surefire-test-report.xsd" name="TestSuite" time="11.822" tests="5" errors="0" skipped="0" failures="0">
  <properties>
[...]
</properties>
  <testcase name="inspect_Pack" classname="copperwire.io.tnt.menu.FullFillMenuValidation" time="0.865"/>
  <testcase name="verifyRfq_Book" classname="copperwire.io.tnt.menu.FullFillMenuValidation" time="0.522"/>
  <testcase name="verifyPickup_Ship" classname="copperwire.io.tnt.menu.FullFillMenuValidation" time="0.547"/>
  <testcase name="verifyInvoices" classname="copperwire.io.tnt.menu.FullFillMenuValidation" time="0.534"/>
  <testcase name="verifyDeliver_Accept" classname="copperwire.io.tnt.menu.FullFillMenuValidation" time="0.865"/>
</testsuite>