<?xml version="1.0" encoding="UTF-8"?>
<testng-results ignored="0" total="2" passed="2" failed="0" skipped="0">
  <reporter-output>
  </reporter-output>
  <suite started-at="2021-04-18T20:45:01 IST" name="Default suite" finished-at="2021-04-18T20:45:08 IST" duration-ms="7234">
    <groups>
    </groups>
    <test started-at="2021-04-18T20:45:01 IST" name="Default test" finished-at="2021-04-18T20:45:08 IST" duration-ms="7234">
      <class name="copperwire.io.tnt.orders.CreatePurchaseOrderAndVerifyOrdersTnt8">
        <test-method is-config="true" signature="setUp()[pri:0, instance:copperwire.io.tnt.orders.CreatePurchaseOrderAndVerifyOrdersTnt8@71b1176b]" started-at="2021-04-18T20:45:00 IST" name="setUp" finished-at="2021-04-18T20:45:01 IST" duration-ms="742" status="PASS">
          <reporter-output>
          </reporter-output>
        </test-method> <!-- setUp -->
        <test-method is-config="true" signature="beforeTest()[pri:0, instance:copperwire.io.tnt.orders.CreatePurchaseOrderAndVerifyOrdersTnt8@71b1176b]" started-at="2021-04-18T20:45:01 IST" name="beforeTest" finished-at="2021-04-18T20:45:03 IST" duration-ms="2470" status="PASS">
          <reporter-output>
          </reporter-output>
        </test-method> <!-- beforeTest -->
        <test-method signature="createNewPurchaseOrder()[pri:1, instance:copperwire.io.tnt.orders.CreatePurchaseOrderAndVerifyOrdersTnt8@71b1176b]" started-at="2021-04-18T20:45:03 IST" name="createNewPurchaseOrder" finished-at="2021-04-18T20:45:05 IST" duration-ms="1938" status="PASS">
          <reporter-output>
          </reporter-output>
        </test-method> <!-- createNewPurchaseOrder -->
        <test-method signature="createCommercialInvoice()[pri:2, instance:copperwire.io.tnt.orders.CreatePurchaseOrderAndVerifyOrdersTnt8@71b1176b]" started-at="2021-04-18T20:45:05 IST" name="createCommercialInvoice" finished-at="2021-04-18T20:45:08 IST" duration-ms="2777" status="PASS">
          <reporter-output>
          </reporter-output>
        </test-method> <!-- createCommercialInvoice -->
      </class> <!-- copperwire.io.tnt.orders.CreatePurchaseOrderAndVerifyOrdersTnt8 -->
    </test> <!-- Default test -->
  </suite> <!-- Default suite -->
</testng-results>
