<?xml version="1.0" encoding="UTF-8"?>
<testng-results skipped="0" failed="0" ignored="0" total="1" passed="1">
  <reporter-output>
  </reporter-output>
  <suite name="Default suite" duration-ms="5306" started-at="2020-11-27T15:27:30 IST" finished-at="2020-11-27T15:27:35 IST">
    <groups>
    </groups>
    <test name="Default test" duration-ms="5306" started-at="2020-11-27T15:27:30 IST" finished-at="2020-11-27T15:27:35 IST">
      <class name="copperwire.io.tnt.orders.LogInTest">
        <test-method status="PASS" signature="doLogIn()[pri:0, instance:copperwire.io.tnt.orders.LogInTest@76707e36]" name="doLogIn" duration-ms="5226" started-at="2020-11-27T15:27:30 IST" finished-at="2020-11-27T15:27:35 IST">
          <reporter-output>
          </reporter-output>
        </test-method> <!-- doLogIn -->
      </class> <!-- copperwire.io.tnt.orders.LogInTest -->
    </test> <!-- Default test -->
  </suite> <!-- Default suite -->
</testng-results>
